2020-02-17 13:29:23,099 [Worker-0: Loading available Gradle versions] INFO  o.e.b.c.i.u.g.PublishedGradleVersions - Gradle version information cache is out-of-date. Trying to update.
2020-02-17 13:33:13,052 [Worker-7: Creating maven-archetype-quickstart] INFO  o.e.m.c.i.p.ProjectConfigurationManager - Collecting project info '/pom.xml' C:\Revature Bootcamp\Revature Assessment\RevAssess\pom.xml
2020-02-17 13:33:24,233 [Worker-7: Creating maven-archetype-quickstart] INFO  o.e.m.c.i.l.LifecycleMappingFactory - Using org.eclipse.m2e.jdt.JarLifecycleMapping lifecycle mapping for MavenProject: com.assessment.revature:RevAssess:0.0.1-SNAPSHOT @ C:\Revature Bootcamp\Revature Assessment\RevAssess\pom.xml.
2020-02-17 13:33:31,594 [Worker-7: Creating maven-archetype-quickstart] INFO  o.e.m.j.i.AbstractJavaProjectConfigurator - Adding source folder /RevAssess/src/main/java
2020-02-17 13:33:31,613 [Worker-7: Creating maven-archetype-quickstart] INFO  o.e.m.j.i.AbstractJavaProjectConfigurator - Adding source folder /RevAssess/src/test/java
2020-02-17 13:33:34,717 [Worker-7: Creating maven-archetype-quickstart] INFO  o.e.m.c.i.p.ProjectConfigurationManager - Imported and configured 1 project(s) in 21 sec
2020-02-17 13:33:41,396 [Worker-7: Building workspace] INFO  o.e.m.c.i.embedder.EclipseLogger - Using 'UTF-8' encoding to copy filtered resources.
2020-02-17 13:33:41,397 [Worker-7: Building workspace] INFO  o.e.m.c.i.embedder.EclipseLogger - skip non existing resourceDirectory C:\Revature Bootcamp\Revature Assessment\RevAssess\src\main\resources
2020-02-17 13:33:41,400 [Worker-7: Building workspace] INFO  o.e.m.c.i.embedder.EclipseLogger - Using 'UTF-8' encoding to copy filtered resources.
2020-02-17 13:33:41,400 [Worker-7: Building workspace] INFO  o.e.m.c.i.embedder.EclipseLogger - skip non existing resourceDirectory C:\Revature Bootcamp\Revature Assessment\RevAssess\src\test\resources
2020-02-17 13:41:26,780 [Worker-20: Building workspace] INFO  o.e.m.c.i.l.LifecycleMappingFactory - Using org.eclipse.m2e.jdt.JarLifecycleMapping lifecycle mapping for MavenProject: com.assessment.revature:RevAssess:0.0.1-SNAPSHOT @ C:\Revature Bootcamp\Revature Assessment\RevAssess\pom.xml.
2020-02-17 13:41:27,546 [Worker-20: Building workspace] INFO  o.e.m.c.i.embedder.EclipseLogger - Using 'UTF-8' encoding to copy filtered resources.
2020-02-17 13:41:27,547 [Worker-20: Building workspace] INFO  o.e.m.c.i.embedder.EclipseLogger - skip non existing resourceDirectory C:\Revature Bootcamp\Revature Assessment\RevAssess\src\main\resources
2020-02-17 13:41:27,549 [Worker-20: Building workspace] INFO  o.e.m.c.i.embedder.EclipseLogger - Using 'UTF-8' encoding to copy filtered resources.
2020-02-17 13:41:27,550 [Worker-20: Building workspace] INFO  o.e.m.c.i.embedder.EclipseLogger - skip non existing resourceDirectory C:\Revature Bootcamp\Revature Assessment\RevAssess\src\test\resources
2020-02-17 13:46:32,326 [Worker-15: Building workspace] INFO  o.e.m.c.i.embedder.EclipseLogger - Using 'UTF-8' encoding to copy filtered resources.
2020-02-17 13:46:32,327 [Worker-15: Building workspace] INFO  o.e.m.c.i.embedder.EclipseLogger - skip non existing resourceDirectory C:\Revature Bootcamp\Revature Assessment\RevAssess\src\main\resources
2020-02-17 13:46:32,329 [Worker-15: Building workspace] INFO  o.e.m.c.i.embedder.EclipseLogger - Using 'UTF-8' encoding to copy filtered resources.
2020-02-17 13:46:32,330 [Worker-15: Building workspace] INFO  o.e.m.c.i.embedder.EclipseLogger - skip non existing resourceDirectory C:\Revature Bootcamp\Revature Assessment\RevAssess\src\test\resources
2020-02-17 13:46:35,417 [Worker-18: Building workspace] INFO  o.e.m.c.i.embedder.EclipseLogger - Using 'UTF-8' encoding to copy filtered resources.
2020-02-17 13:46:35,418 [Worker-18: Building workspace] INFO  o.e.m.c.i.embedder.EclipseLogger - skip non existing resourceDirectory C:\Revature Bootcamp\Revature Assessment\RevAssess\src\main\resources
2020-02-17 13:46:35,420 [Worker-18: Building workspace] INFO  o.e.m.c.i.embedder.EclipseLogger - Using 'UTF-8' encoding to copy filtered resources.
2020-02-17 13:46:35,420 [Worker-18: Building workspace] INFO  o.e.m.c.i.embedder.EclipseLogger - skip non existing resourceDirectory C:\Revature Bootcamp\Revature Assessment\RevAssess\src\test\resources
2020-02-17 13:48:17,555 [Worker-18: Building workspace] INFO  o.e.m.c.i.embedder.EclipseLogger - Using 'UTF-8' encoding to copy filtered resources.
2020-02-17 13:48:17,555 [Worker-18: Building workspace] INFO  o.e.m.c.i.embedder.EclipseLogger - skip non existing resourceDirectory C:\Revature Bootcamp\Revature Assessment\RevAssess\src\main\resources
2020-02-17 13:48:17,557 [Worker-18: Building workspace] INFO  o.e.m.c.i.embedder.EclipseLogger - Using 'UTF-8' encoding to copy filtered resources.
2020-02-17 13:48:17,558 [Worker-18: Building workspace] INFO  o.e.m.c.i.embedder.EclipseLogger - skip non existing resourceDirectory C:\Revature Bootcamp\Revature Assessment\RevAssess\src\test\resources
2020-02-17 13:48:39,393 [Worker-18: Building workspace] INFO  o.e.m.c.i.embedder.EclipseLogger - Using 'UTF-8' encoding to copy filtered resources.
2020-02-17 13:48:39,394 [Worker-18: Building workspace] INFO  o.e.m.c.i.embedder.EclipseLogger - skip non existing resourceDirectory C:\Revature Bootcamp\Revature Assessment\RevAssess\src\main\resources
2020-02-17 13:48:39,395 [Worker-18: Building workspace] INFO  o.e.m.c.i.embedder.EclipseLogger - Using 'UTF-8' encoding to copy filtered resources.
2020-02-17 13:48:39,396 [Worker-18: Building workspace] INFO  o.e.m.c.i.embedder.EclipseLogger - skip non existing resourceDirectory C:\Revature Bootcamp\Revature Assessment\RevAssess\src\test\resources
2020-02-17 13:48:45,325 [Worker-21: Building workspace] INFO  o.e.m.c.i.embedder.EclipseLogger - Using 'UTF-8' encoding to copy filtered resources.
2020-02-17 13:48:45,326 [Worker-21: Building workspace] INFO  o.e.m.c.i.embedder.EclipseLogger - skip non existing resourceDirectory C:\Revature Bootcamp\Revature Assessment\RevAssess\src\main\resources
2020-02-17 13:48:45,330 [Worker-21: Building workspace] INFO  o.e.m.c.i.embedder.EclipseLogger - Using 'UTF-8' encoding to copy filtered resources.
2020-02-17 13:48:45,331 [Worker-21: Building workspace] INFO  o.e.m.c.i.embedder.EclipseLogger - skip non existing resourceDirectory C:\Revature Bootcamp\Revature Assessment\RevAssess\src\test\resources
2020-02-17 13:51:45,683 [Worker-22: Building workspace] INFO  o.e.m.c.i.embedder.EclipseLogger - Using 'UTF-8' encoding to copy filtered resources.
2020-02-17 13:51:45,683 [Worker-22: Building workspace] INFO  o.e.m.c.i.embedder.EclipseLogger - skip non existing resourceDirectory C:\Revature Bootcamp\Revature Assessment\RevAssess\src\main\resources
2020-02-17 13:51:45,687 [Worker-22: Building workspace] INFO  o.e.m.c.i.embedder.EclipseLogger - Using 'UTF-8' encoding to copy filtered resources.
2020-02-17 13:51:45,687 [Worker-22: Building workspace] INFO  o.e.m.c.i.embedder.EclipseLogger - skip non existing resourceDirectory C:\Revature Bootcamp\Revature Assessment\RevAssess\src\test\resources
2020-02-17 13:53:53,204 [Worker-21: Building workspace] INFO  o.e.m.c.i.embedder.EclipseLogger - Using 'UTF-8' encoding to copy filtered resources.
2020-02-17 13:53:53,204 [Worker-21: Building workspace] INFO  o.e.m.c.i.embedder.EclipseLogger - skip non existing resourceDirectory C:\Revature Bootcamp\Revature Assessment\RevAssess\src\main\resources
2020-02-17 13:53:53,207 [Worker-21: Building workspace] INFO  o.e.m.c.i.embedder.EclipseLogger - Using 'UTF-8' encoding to copy filtered resources.
2020-02-17 13:53:53,208 [Worker-21: Building workspace] INFO  o.e.m.c.i.embedder.EclipseLogger - skip non existing resourceDirectory C:\Revature Bootcamp\Revature Assessment\RevAssess\src\test\resources
2020-02-17 13:56:48,104 [Worker-23: Building workspace] INFO  o.e.m.c.i.embedder.EclipseLogger - Using 'UTF-8' encoding to copy filtered resources.
2020-02-17 13:56:48,105 [Worker-23: Building workspace] INFO  o.e.m.c.i.embedder.EclipseLogger - skip non existing resourceDirectory C:\Revature Bootcamp\Revature Assessment\RevAssess\src\main\resources
2020-02-17 13:56:48,106 [Worker-23: Building workspace] INFO  o.e.m.c.i.embedder.EclipseLogger - Using 'UTF-8' encoding to copy filtered resources.
2020-02-17 13:56:48,107 [Worker-23: Building workspace] INFO  o.e.m.c.i.embedder.EclipseLogger - skip non existing resourceDirectory C:\Revature Bootcamp\Revature Assessment\RevAssess\src\test\resources
2020-02-17 13:59:14,309 [Worker-22: Building workspace] INFO  o.e.m.c.i.embedder.EclipseLogger - Using 'UTF-8' encoding to copy filtered resources.
2020-02-17 13:59:14,310 [Worker-22: Building workspace] INFO  o.e.m.c.i.embedder.EclipseLogger - skip non existing resourceDirectory C:\Revature Bootcamp\Revature Assessment\RevAssess\src\main\resources
2020-02-17 13:59:14,312 [Worker-22: Building workspace] INFO  o.e.m.c.i.embedder.EclipseLogger - Using 'UTF-8' encoding to copy filtered resources.
2020-02-17 13:59:14,313 [Worker-22: Building workspace] INFO  o.e.m.c.i.embedder.EclipseLogger - skip non existing resourceDirectory C:\Revature Bootcamp\Revature Assessment\RevAssess\src\test\resources
2020-02-17 14:00:07,629 [Worker-22: Building workspace] INFO  o.e.m.c.i.embedder.EclipseLogger - Using 'UTF-8' encoding to copy filtered resources.
2020-02-17 14:00:07,629 [Worker-22: Building workspace] INFO  o.e.m.c.i.embedder.EclipseLogger - skip non existing resourceDirectory C:\Revature Bootcamp\Revature Assessment\RevAssess\src\main\resources
2020-02-17 14:00:07,634 [Worker-22: Building workspace] INFO  o.e.m.c.i.embedder.EclipseLogger - Using 'UTF-8' encoding to copy filtered resources.
2020-02-17 14:00:07,635 [Worker-22: Building workspace] INFO  o.e.m.c.i.embedder.EclipseLogger - skip non existing resourceDirectory C:\Revature Bootcamp\Revature Assessment\RevAssess\src\test\resources
2020-02-17 14:01:22,675 [Worker-22: Building workspace] INFO  o.e.m.c.i.embedder.EclipseLogger - Using 'UTF-8' encoding to copy filtered resources.
2020-02-17 14:01:22,676 [Worker-22: Building workspace] INFO  o.e.m.c.i.embedder.EclipseLogger - skip non existing resourceDirectory C:\Revature Bootcamp\Revature Assessment\RevAssess\src\main\resources
2020-02-17 14:01:22,678 [Worker-22: Building workspace] INFO  o.e.m.c.i.embedder.EclipseLogger - Using 'UTF-8' encoding to copy filtered resources.
2020-02-17 14:01:22,678 [Worker-22: Building workspace] INFO  o.e.m.c.i.embedder.EclipseLogger - skip non existing resourceDirectory C:\Revature Bootcamp\Revature Assessment\RevAssess\src\test\resources
2020-02-17 14:01:39,795 [Worker-22: Building workspace] INFO  o.e.m.c.i.embedder.EclipseLogger - Using 'UTF-8' encoding to copy filtered resources.
2020-02-17 14:01:39,795 [Worker-22: Building workspace] INFO  o.e.m.c.i.embedder.EclipseLogger - skip non existing resourceDirectory C:\Revature Bootcamp\Revature Assessment\RevAssess\src\main\resources
2020-02-17 14:01:39,797 [Worker-22: Building workspace] INFO  o.e.m.c.i.embedder.EclipseLogger - Using 'UTF-8' encoding to copy filtered resources.
2020-02-17 14:01:39,798 [Worker-22: Building workspace] INFO  o.e.m.c.i.embedder.EclipseLogger - skip non existing resourceDirectory C:\Revature Bootcamp\Revature Assessment\RevAssess\src\test\resources
2020-02-17 14:02:11,085 [Worker-24: Building workspace] INFO  o.e.m.c.i.embedder.EclipseLogger - Using 'UTF-8' encoding to copy filtered resources.
2020-02-17 14:02:11,086 [Worker-24: Building workspace] INFO  o.e.m.c.i.embedder.EclipseLogger - skip non existing resourceDirectory C:\Revature Bootcamp\Revature Assessment\RevAssess\src\main\resources
2020-02-17 14:02:11,088 [Worker-24: Building workspace] INFO  o.e.m.c.i.embedder.EclipseLogger - Using 'UTF-8' encoding to copy filtered resources.
2020-02-17 14:02:11,088 [Worker-24: Building workspace] INFO  o.e.m.c.i.embedder.EclipseLogger - skip non existing resourceDirectory C:\Revature Bootcamp\Revature Assessment\RevAssess\src\test\resources
2020-02-17 14:02:16,015 [Worker-23: Building workspace] INFO  o.e.m.c.i.embedder.EclipseLogger - Using 'UTF-8' encoding to copy filtered resources.
2020-02-17 14:02:16,015 [Worker-23: Building workspace] INFO  o.e.m.c.i.embedder.EclipseLogger - skip non existing resourceDirectory C:\Revature Bootcamp\Revature Assessment\RevAssess\src\main\resources
2020-02-17 14:02:16,017 [Worker-23: Building workspace] INFO  o.e.m.c.i.embedder.EclipseLogger - Using 'UTF-8' encoding to copy filtered resources.
2020-02-17 14:02:16,018 [Worker-23: Building workspace] INFO  o.e.m.c.i.embedder.EclipseLogger - skip non existing resourceDirectory C:\Revature Bootcamp\Revature Assessment\RevAssess\src\test\resources
2020-02-17 14:06:04,055 [Worker-25: Building workspace] INFO  o.e.m.c.i.embedder.EclipseLogger - Using 'UTF-8' encoding to copy filtered resources.
2020-02-17 14:06:04,056 [Worker-25: Building workspace] INFO  o.e.m.c.i.embedder.EclipseLogger - skip non existing resourceDirectory C:\Revature Bootcamp\Revature Assessment\RevAssess\src\main\resources
2020-02-17 14:06:04,060 [Worker-25: Building workspace] INFO  o.e.m.c.i.embedder.EclipseLogger - Using 'UTF-8' encoding to copy filtered resources.
2020-02-17 14:06:04,061 [Worker-25: Building workspace] INFO  o.e.m.c.i.embedder.EclipseLogger - skip non existing resourceDirectory C:\Revature Bootcamp\Revature Assessment\RevAssess\src\test\resources
2020-02-17 14:06:30,384 [Worker-21: Launching User] INFO  o.e.m.c.i.embedder.EclipseLogger - Using 'UTF-8' encoding to copy filtered resources.
2020-02-17 14:06:30,385 [Worker-21: Launching User] INFO  o.e.m.c.i.embedder.EclipseLogger - skip non existing resourceDirectory C:\Revature Bootcamp\Revature Assessment\RevAssess\src\main\resources
2020-02-17 14:06:30,386 [Worker-21: Launching User] INFO  o.e.m.c.i.embedder.EclipseLogger - Using 'UTF-8' encoding to copy filtered resources.
2020-02-17 14:06:30,387 [Worker-21: Launching User] INFO  o.e.m.c.i.embedder.EclipseLogger - skip non existing resourceDirectory C:\Revature Bootcamp\Revature Assessment\RevAssess\src\test\resources
2020-02-17 14:12:02,247 [Worker-21: Building workspace] INFO  o.e.m.c.i.embedder.EclipseLogger - Using 'UTF-8' encoding to copy filtered resources.
2020-02-17 14:12:02,248 [Worker-21: Building workspace] INFO  o.e.m.c.i.embedder.EclipseLogger - skip non existing resourceDirectory C:\Revature Bootcamp\Revature Assessment\RevAssess\src\main\resources
2020-02-17 14:12:02,251 [Worker-21: Building workspace] INFO  o.e.m.c.i.embedder.EclipseLogger - Using 'UTF-8' encoding to copy filtered resources.
2020-02-17 14:12:02,255 [Worker-21: Building workspace] INFO  o.e.m.c.i.embedder.EclipseLogger - skip non existing resourceDirectory C:\Revature Bootcamp\Revature Assessment\RevAssess\src\test\resources
2020-02-17 14:13:34,098 [Worker-18: Building workspace] INFO  o.e.m.c.i.embedder.EclipseLogger - Using 'UTF-8' encoding to copy filtered resources.
2020-02-17 14:13:34,098 [Worker-18: Building workspace] INFO  o.e.m.c.i.embedder.EclipseLogger - skip non existing resourceDirectory C:\Revature Bootcamp\Revature Assessment\RevAssess\src\main\resources
2020-02-17 14:13:34,100 [Worker-18: Building workspace] INFO  o.e.m.c.i.embedder.EclipseLogger - Using 'UTF-8' encoding to copy filtered resources.
2020-02-17 14:13:34,100 [Worker-18: Building workspace] INFO  o.e.m.c.i.embedder.EclipseLogger - skip non existing resourceDirectory C:\Revature Bootcamp\Revature Assessment\RevAssess\src\test\resources
2020-02-17 14:18:14,520 [Worker-26: Building workspace] INFO  o.e.m.c.i.embedder.EclipseLogger - Using 'UTF-8' encoding to copy filtered resources.
2020-02-17 14:18:14,520 [Worker-26: Building workspace] INFO  o.e.m.c.i.embedder.EclipseLogger - skip non existing resourceDirectory C:\Revature Bootcamp\Revature Assessment\RevAssess\src\main\resources
2020-02-17 14:18:14,523 [Worker-26: Building workspace] INFO  o.e.m.c.i.embedder.EclipseLogger - Using 'UTF-8' encoding to copy filtered resources.
2020-02-17 14:18:14,523 [Worker-26: Building workspace] INFO  o.e.m.c.i.embedder.EclipseLogger - skip non existing resourceDirectory C:\Revature Bootcamp\Revature Assessment\RevAssess\src\test\resources
2020-02-17 14:20:24,256 [Worker-31: Building workspace] INFO  o.e.m.c.i.embedder.EclipseLogger - Using 'UTF-8' encoding to copy filtered resources.
2020-02-17 14:20:24,257 [Worker-31: Building workspace] INFO  o.e.m.c.i.embedder.EclipseLogger - skip non existing resourceDirectory C:\Revature Bootcamp\Revature Assessment\RevAssess\src\main\resources
2020-02-17 14:20:24,258 [Worker-31: Building workspace] INFO  o.e.m.c.i.embedder.EclipseLogger - Using 'UTF-8' encoding to copy filtered resources.
2020-02-17 14:20:24,259 [Worker-31: Building workspace] INFO  o.e.m.c.i.embedder.EclipseLogger - skip non existing resourceDirectory C:\Revature Bootcamp\Revature Assessment\RevAssess\src\test\resources
2020-02-17 14:22:01,654 [Worker-29: Building workspace] INFO  o.e.m.c.i.embedder.EclipseLogger - Using 'UTF-8' encoding to copy filtered resources.
2020-02-17 14:22:01,654 [Worker-29: Building workspace] INFO  o.e.m.c.i.embedder.EclipseLogger - skip non existing resourceDirectory C:\Revature Bootcamp\Revature Assessment\RevAssess\src\main\resources
2020-02-17 14:22:01,656 [Worker-29: Building workspace] INFO  o.e.m.c.i.embedder.EclipseLogger - Using 'UTF-8' encoding to copy filtered resources.
2020-02-17 14:22:01,657 [Worker-29: Building workspace] INFO  o.e.m.c.i.embedder.EclipseLogger - skip non existing resourceDirectory C:\Revature Bootcamp\Revature Assessment\RevAssess\src\test\resources
2020-02-17 14:22:45,572 [Worker-28: Building workspace] INFO  o.e.m.c.i.embedder.EclipseLogger - Using 'UTF-8' encoding to copy filtered resources.
2020-02-17 14:22:45,572 [Worker-28: Building workspace] INFO  o.e.m.c.i.embedder.EclipseLogger - skip non existing resourceDirectory C:\Revature Bootcamp\Revature Assessment\RevAssess\src\main\resources
2020-02-17 14:22:45,573 [Worker-28: Building workspace] INFO  o.e.m.c.i.embedder.EclipseLogger - Using 'UTF-8' encoding to copy filtered resources.
2020-02-17 14:22:45,575 [Worker-28: Building workspace] INFO  o.e.m.c.i.embedder.EclipseLogger - skip non existing resourceDirectory C:\Revature Bootcamp\Revature Assessment\RevAssess\src\test\resources
2020-02-17 14:23:04,853 [Worker-26: Building workspace] INFO  o.e.m.c.i.embedder.EclipseLogger - Using 'UTF-8' encoding to copy filtered resources.
2020-02-17 14:23:04,854 [Worker-26: Building workspace] INFO  o.e.m.c.i.embedder.EclipseLogger - skip non existing resourceDirectory C:\Revature Bootcamp\Revature Assessment\RevAssess\src\main\resources
2020-02-17 14:23:04,855 [Worker-26: Building workspace] INFO  o.e.m.c.i.embedder.EclipseLogger - Using 'UTF-8' encoding to copy filtered resources.
2020-02-17 14:23:04,856 [Worker-26: Building workspace] INFO  o.e.m.c.i.embedder.EclipseLogger - skip non existing resourceDirectory C:\Revature Bootcamp\Revature Assessment\RevAssess\src\test\resources
2020-02-17 14:23:56,326 [Worker-28: Building workspace] INFO  o.e.m.c.i.embedder.EclipseLogger - Using 'UTF-8' encoding to copy filtered resources.
2020-02-17 14:23:56,327 [Worker-28: Building workspace] INFO  o.e.m.c.i.embedder.EclipseLogger - skip non existing resourceDirectory C:\Revature Bootcamp\Revature Assessment\RevAssess\src\main\resources
2020-02-17 14:23:56,328 [Worker-28: Building workspace] INFO  o.e.m.c.i.embedder.EclipseLogger - Using 'UTF-8' encoding to copy filtered resources.
2020-02-17 14:23:56,328 [Worker-28: Building workspace] INFO  o.e.m.c.i.embedder.EclipseLogger - skip non existing resourceDirectory C:\Revature Bootcamp\Revature Assessment\RevAssess\src\test\resources
2020-02-17 14:26:03,475 [Worker-29: Building workspace] INFO  o.e.m.c.i.embedder.EclipseLogger - Using 'UTF-8' encoding to copy filtered resources.
2020-02-17 14:26:03,475 [Worker-29: Building workspace] INFO  o.e.m.c.i.embedder.EclipseLogger - skip non existing resourceDirectory C:\Revature Bootcamp\Revature Assessment\RevAssess\src\main\resources
2020-02-17 14:26:03,477 [Worker-29: Building workspace] INFO  o.e.m.c.i.embedder.EclipseLogger - Using 'UTF-8' encoding to copy filtered resources.
2020-02-17 14:26:03,477 [Worker-29: Building workspace] INFO  o.e.m.c.i.embedder.EclipseLogger - skip non existing resourceDirectory C:\Revature Bootcamp\Revature Assessment\RevAssess\src\test\resources
2020-02-17 14:26:28,076 [Worker-26: Building workspace] INFO  o.e.m.c.i.embedder.EclipseLogger - Using 'UTF-8' encoding to copy filtered resources.
2020-02-17 14:26:28,077 [Worker-26: Building workspace] INFO  o.e.m.c.i.embedder.EclipseLogger - skip non existing resourceDirectory C:\Revature Bootcamp\Revature Assessment\RevAssess\src\main\resources
2020-02-17 14:26:28,078 [Worker-26: Building workspace] INFO  o.e.m.c.i.embedder.EclipseLogger - Using 'UTF-8' encoding to copy filtered resources.
2020-02-17 14:26:28,079 [Worker-26: Building workspace] INFO  o.e.m.c.i.embedder.EclipseLogger - skip non existing resourceDirectory C:\Revature Bootcamp\Revature Assessment\RevAssess\src\test\resources
2020-02-17 14:30:32,367 [Worker-26: Building workspace] INFO  o.e.m.c.i.embedder.EclipseLogger - Using 'UTF-8' encoding to copy filtered resources.
2020-02-17 14:30:32,389 [Worker-26: Building workspace] INFO  o.e.m.c.i.embedder.EclipseLogger - skip non existing resourceDirectory C:\Revature Bootcamp\Revature Assessment\RevAssess\src\main\resources
2020-02-17 14:30:32,391 [Worker-26: Building workspace] INFO  o.e.m.c.i.embedder.EclipseLogger - Using 'UTF-8' encoding to copy filtered resources.
2020-02-17 14:30:32,391 [Worker-26: Building workspace] INFO  o.e.m.c.i.embedder.EclipseLogger - skip non existing resourceDirectory C:\Revature Bootcamp\Revature Assessment\RevAssess\src\test\resources
2020-02-17 14:31:46,021 [Worker-29: Building workspace] INFO  o.e.m.c.i.embedder.EclipseLogger - Using 'UTF-8' encoding to copy filtered resources.
2020-02-17 14:31:46,022 [Worker-29: Building workspace] INFO  o.e.m.c.i.embedder.EclipseLogger - skip non existing resourceDirectory C:\Revature Bootcamp\Revature Assessment\RevAssess\src\main\resources
2020-02-17 14:31:46,024 [Worker-29: Building workspace] INFO  o.e.m.c.i.embedder.EclipseLogger - Using 'UTF-8' encoding to copy filtered resources.
2020-02-17 14:31:46,025 [Worker-29: Building workspace] INFO  o.e.m.c.i.embedder.EclipseLogger - skip non existing resourceDirectory C:\Revature Bootcamp\Revature Assessment\RevAssess\src\test\resources
2020-02-17 14:33:01,813 [Worker-32: Building workspace] INFO  o.e.m.c.i.embedder.EclipseLogger - Using 'UTF-8' encoding to copy filtered resources.
2020-02-17 14:33:01,814 [Worker-32: Building workspace] INFO  o.e.m.c.i.embedder.EclipseLogger - skip non existing resourceDirectory C:\Revature Bootcamp\Revature Assessment\RevAssess\src\main\resources
2020-02-17 14:33:01,825 [Worker-32: Building workspace] INFO  o.e.m.c.i.embedder.EclipseLogger - Using 'UTF-8' encoding to copy filtered resources.
2020-02-17 14:33:01,826 [Worker-32: Building workspace] INFO  o.e.m.c.i.embedder.EclipseLogger - skip non existing resourceDirectory C:\Revature Bootcamp\Revature Assessment\RevAssess\src\test\resources
2020-02-17 14:33:09,886 [Worker-33: Building workspace] INFO  o.e.m.c.i.embedder.EclipseLogger - Using 'UTF-8' encoding to copy filtered resources.
2020-02-17 14:33:09,887 [Worker-33: Building workspace] INFO  o.e.m.c.i.embedder.EclipseLogger - skip non existing resourceDirectory C:\Revature Bootcamp\Revature Assessment\RevAssess\src\main\resources
2020-02-17 14:33:09,888 [Worker-33: Building workspace] INFO  o.e.m.c.i.embedder.EclipseLogger - Using 'UTF-8' encoding to copy filtered resources.
2020-02-17 14:33:09,889 [Worker-33: Building workspace] INFO  o.e.m.c.i.embedder.EclipseLogger - skip non existing resourceDirectory C:\Revature Bootcamp\Revature Assessment\RevAssess\src\test\resources
2020-02-17 14:36:38,102 [Worker-33: Building workspace] INFO  o.e.m.c.i.embedder.EclipseLogger - Using 'UTF-8' encoding to copy filtered resources.
2020-02-17 14:36:38,103 [Worker-33: Building workspace] INFO  o.e.m.c.i.embedder.EclipseLogger - skip non existing resourceDirectory C:\Revature Bootcamp\Revature Assessment\RevAssess\src\main\resources
2020-02-17 14:36:38,105 [Worker-33: Building workspace] INFO  o.e.m.c.i.embedder.EclipseLogger - Using 'UTF-8' encoding to copy filtered resources.
2020-02-17 14:36:38,106 [Worker-33: Building workspace] INFO  o.e.m.c.i.embedder.EclipseLogger - skip non existing resourceDirectory C:\Revature Bootcamp\Revature Assessment\RevAssess\src\test\resources
2020-02-17 14:51:50,996 [Worker-38: Building workspace] INFO  o.e.m.c.i.embedder.EclipseLogger - Using 'UTF-8' encoding to copy filtered resources.
2020-02-17 14:51:50,998 [Worker-38: Building workspace] INFO  o.e.m.c.i.embedder.EclipseLogger - skip non existing resourceDirectory C:\Revature Bootcamp\Revature Assessment\RevAssess\src\main\resources
2020-02-17 14:51:51,000 [Worker-38: Building workspace] INFO  o.e.m.c.i.embedder.EclipseLogger - Using 'UTF-8' encoding to copy filtered resources.
2020-02-17 14:51:51,001 [Worker-38: Building workspace] INFO  o.e.m.c.i.embedder.EclipseLogger - skip non existing resourceDirectory C:\Revature Bootcamp\Revature Assessment\RevAssess\src\test\resources
2020-02-17 14:54:45,425 [Worker-35: Building workspace] INFO  o.e.m.c.i.embedder.EclipseLogger - Using 'UTF-8' encoding to copy filtered resources.
2020-02-17 14:54:45,426 [Worker-35: Building workspace] INFO  o.e.m.c.i.embedder.EclipseLogger - skip non existing resourceDirectory C:\Revature Bootcamp\Revature Assessment\RevAssess\src\main\resources
2020-02-17 14:54:45,428 [Worker-35: Building workspace] INFO  o.e.m.c.i.embedder.EclipseLogger - Using 'UTF-8' encoding to copy filtered resources.
2020-02-17 14:54:45,429 [Worker-35: Building workspace] INFO  o.e.m.c.i.embedder.EclipseLogger - skip non existing resourceDirectory C:\Revature Bootcamp\Revature Assessment\RevAssess\src\test\resources
2020-02-17 14:55:54,373 [Worker-39: Launching Main] INFO  o.e.m.c.i.embedder.EclipseLogger - Using 'UTF-8' encoding to copy filtered resources.
2020-02-17 14:55:54,373 [Worker-39: Launching Main] INFO  o.e.m.c.i.embedder.EclipseLogger - skip non existing resourceDirectory C:\Revature Bootcamp\Revature Assessment\RevAssess\src\main\resources
2020-02-17 14:55:54,375 [Worker-39: Launching Main] INFO  o.e.m.c.i.embedder.EclipseLogger - Using 'UTF-8' encoding to copy filtered resources.
2020-02-17 14:55:54,376 [Worker-39: Launching Main] INFO  o.e.m.c.i.embedder.EclipseLogger - skip non existing resourceDirectory C:\Revature Bootcamp\Revature Assessment\RevAssess\src\test\resources
2020-02-17 14:56:40,387 [Worker-37: Building workspace] INFO  o.e.m.c.i.embedder.EclipseLogger - Using 'UTF-8' encoding to copy filtered resources.
2020-02-17 14:56:40,388 [Worker-37: Building workspace] INFO  o.e.m.c.i.embedder.EclipseLogger - skip non existing resourceDirectory C:\Revature Bootcamp\Revature Assessment\RevAssess\src\main\resources
2020-02-17 14:56:40,390 [Worker-37: Building workspace] INFO  o.e.m.c.i.embedder.EclipseLogger - Using 'UTF-8' encoding to copy filtered resources.
2020-02-17 14:56:40,390 [Worker-37: Building workspace] INFO  o.e.m.c.i.embedder.EclipseLogger - skip non existing resourceDirectory C:\Revature Bootcamp\Revature Assessment\RevAssess\src\test\resources
2020-02-17 14:57:16,969 [Worker-37: Building workspace] INFO  o.e.m.c.i.embedder.EclipseLogger - Using 'UTF-8' encoding to copy filtered resources.
2020-02-17 14:57:16,970 [Worker-37: Building workspace] INFO  o.e.m.c.i.embedder.EclipseLogger - skip non existing resourceDirectory C:\Revature Bootcamp\Revature Assessment\RevAssess\src\main\resources
2020-02-17 14:57:16,972 [Worker-37: Building workspace] INFO  o.e.m.c.i.embedder.EclipseLogger - Using 'UTF-8' encoding to copy filtered resources.
2020-02-17 14:57:16,972 [Worker-37: Building workspace] INFO  o.e.m.c.i.embedder.EclipseLogger - skip non existing resourceDirectory C:\Revature Bootcamp\Revature Assessment\RevAssess\src\test\resources
2020-02-17 14:58:25,708 [Worker-39: Building workspace] INFO  o.e.m.c.i.embedder.EclipseLogger - Using 'UTF-8' encoding to copy filtered resources.
2020-02-17 14:58:25,709 [Worker-39: Building workspace] INFO  o.e.m.c.i.embedder.EclipseLogger - skip non existing resourceDirectory C:\Revature Bootcamp\Revature Assessment\RevAssess\src\main\resources
2020-02-17 14:58:25,711 [Worker-39: Building workspace] INFO  o.e.m.c.i.embedder.EclipseLogger - Using 'UTF-8' encoding to copy filtered resources.
2020-02-17 14:58:25,740 [Worker-39: Building workspace] INFO  o.e.m.c.i.embedder.EclipseLogger - skip non existing resourceDirectory C:\Revature Bootcamp\Revature Assessment\RevAssess\src\test\resources
2020-02-17 15:00:41,346 [Worker-40: Building workspace] INFO  o.e.m.c.i.embedder.EclipseLogger - Using 'UTF-8' encoding to copy filtered resources.
2020-02-17 15:00:41,348 [Worker-40: Building workspace] INFO  o.e.m.c.i.embedder.EclipseLogger - skip non existing resourceDirectory C:\Revature Bootcamp\Revature Assessment\RevAssess\src\main\resources
2020-02-17 15:00:41,351 [Worker-40: Building workspace] INFO  o.e.m.c.i.embedder.EclipseLogger - Using 'UTF-8' encoding to copy filtered resources.
2020-02-17 15:00:41,352 [Worker-40: Building workspace] INFO  o.e.m.c.i.embedder.EclipseLogger - skip non existing resourceDirectory C:\Revature Bootcamp\Revature Assessment\RevAssess\src\test\resources
2020-02-17 15:04:28,214 [Worker-35: Building workspace] INFO  o.e.m.c.i.embedder.EclipseLogger - Using 'UTF-8' encoding to copy filtered resources.
2020-02-17 15:04:28,215 [Worker-35: Building workspace] INFO  o.e.m.c.i.embedder.EclipseLogger - skip non existing resourceDirectory C:\Revature Bootcamp\Revature Assessment\RevAssess\src\main\resources
2020-02-17 15:04:28,216 [Worker-35: Building workspace] INFO  o.e.m.c.i.embedder.EclipseLogger - Using 'UTF-8' encoding to copy filtered resources.
2020-02-17 15:04:28,217 [Worker-35: Building workspace] INFO  o.e.m.c.i.embedder.EclipseLogger - skip non existing resourceDirectory C:\Revature Bootcamp\Revature Assessment\RevAssess\src\test\resources
2020-02-17 15:04:51,461 [Worker-37: Building workspace] INFO  o.e.m.c.i.embedder.EclipseLogger - Using 'UTF-8' encoding to copy filtered resources.
2020-02-17 15:04:51,461 [Worker-37: Building workspace] INFO  o.e.m.c.i.embedder.EclipseLogger - skip non existing resourceDirectory C:\Revature Bootcamp\Revature Assessment\RevAssess\src\main\resources
2020-02-17 15:04:51,463 [Worker-37: Building workspace] INFO  o.e.m.c.i.embedder.EclipseLogger - Using 'UTF-8' encoding to copy filtered resources.
2020-02-17 15:04:51,464 [Worker-37: Building workspace] INFO  o.e.m.c.i.embedder.EclipseLogger - skip non existing resourceDirectory C:\Revature Bootcamp\Revature Assessment\RevAssess\src\test\resources
2020-02-17 15:06:15,704 [Worker-41: Building workspace] INFO  o.e.m.c.i.embedder.EclipseLogger - Using 'UTF-8' encoding to copy filtered resources.
2020-02-17 15:06:15,705 [Worker-41: Building workspace] INFO  o.e.m.c.i.embedder.EclipseLogger - skip non existing resourceDirectory C:\Revature Bootcamp\Revature Assessment\RevAssess\src\main\resources
2020-02-17 15:06:15,706 [Worker-41: Building workspace] INFO  o.e.m.c.i.embedder.EclipseLogger - Using 'UTF-8' encoding to copy filtered resources.
2020-02-17 15:06:15,707 [Worker-41: Building workspace] INFO  o.e.m.c.i.embedder.EclipseLogger - skip non existing resourceDirectory C:\Revature Bootcamp\Revature Assessment\RevAssess\src\test\resources
2020-02-17 15:10:48,790 [Worker-42: Building workspace] INFO  o.e.m.c.i.embedder.EclipseLogger - Using 'UTF-8' encoding to copy filtered resources.
2020-02-17 15:10:48,791 [Worker-42: Building workspace] INFO  o.e.m.c.i.embedder.EclipseLogger - skip non existing resourceDirectory C:\Revature Bootcamp\Revature Assessment\RevAssess\src\main\resources
2020-02-17 15:10:48,792 [Worker-42: Building workspace] INFO  o.e.m.c.i.embedder.EclipseLogger - Using 'UTF-8' encoding to copy filtered resources.
2020-02-17 15:10:48,792 [Worker-42: Building workspace] INFO  o.e.m.c.i.embedder.EclipseLogger - skip non existing resourceDirectory C:\Revature Bootcamp\Revature Assessment\RevAssess\src\test\resources
2020-02-17 15:10:58,569 [Worker-37: Building workspace] INFO  o.e.m.c.i.embedder.EclipseLogger - Using 'UTF-8' encoding to copy filtered resources.
2020-02-17 15:10:58,569 [Worker-37: Building workspace] INFO  o.e.m.c.i.embedder.EclipseLogger - skip non existing resourceDirectory C:\Revature Bootcamp\Revature Assessment\RevAssess\src\main\resources
2020-02-17 15:10:58,570 [Worker-37: Building workspace] INFO  o.e.m.c.i.embedder.EclipseLogger - Using 'UTF-8' encoding to copy filtered resources.
2020-02-17 15:10:58,571 [Worker-37: Building workspace] INFO  o.e.m.c.i.embedder.EclipseLogger - skip non existing resourceDirectory C:\Revature Bootcamp\Revature Assessment\RevAssess\src\test\resources
2020-02-17 15:11:02,895 [Worker-42: Launching Main] INFO  o.e.m.c.i.embedder.EclipseLogger - Using 'UTF-8' encoding to copy filtered resources.
2020-02-17 15:11:02,895 [Worker-42: Launching Main] INFO  o.e.m.c.i.embedder.EclipseLogger - skip non existing resourceDirectory C:\Revature Bootcamp\Revature Assessment\RevAssess\src\main\resources
2020-02-17 15:11:02,896 [Worker-42: Launching Main] INFO  o.e.m.c.i.embedder.EclipseLogger - Using 'UTF-8' encoding to copy filtered resources.
2020-02-17 15:11:02,896 [Worker-42: Launching Main] INFO  o.e.m.c.i.embedder.EclipseLogger - skip non existing resourceDirectory C:\Revature Bootcamp\Revature Assessment\RevAssess\src\test\resources
2020-02-17 15:13:26,302 [Worker-42: Building workspace] INFO  o.e.m.c.i.embedder.EclipseLogger - Using 'UTF-8' encoding to copy filtered resources.
2020-02-17 15:13:26,302 [Worker-42: Building workspace] INFO  o.e.m.c.i.embedder.EclipseLogger - skip non existing resourceDirectory C:\Revature Bootcamp\Revature Assessment\RevAssess\src\main\resources
2020-02-17 15:13:26,304 [Worker-42: Building workspace] INFO  o.e.m.c.i.embedder.EclipseLogger - Using 'UTF-8' encoding to copy filtered resources.
2020-02-17 15:13:26,304 [Worker-42: Building workspace] INFO  o.e.m.c.i.embedder.EclipseLogger - skip non existing resourceDirectory C:\Revature Bootcamp\Revature Assessment\RevAssess\src\test\resources
2020-02-17 15:14:22,314 [Worker-41: Building workspace] INFO  o.e.m.c.i.embedder.EclipseLogger - Using 'UTF-8' encoding to copy filtered resources.
2020-02-17 15:14:22,315 [Worker-41: Building workspace] INFO  o.e.m.c.i.embedder.EclipseLogger - skip non existing resourceDirectory C:\Revature Bootcamp\Revature Assessment\RevAssess\src\main\resources
2020-02-17 15:14:22,316 [Worker-41: Building workspace] INFO  o.e.m.c.i.embedder.EclipseLogger - Using 'UTF-8' encoding to copy filtered resources.
2020-02-17 15:14:22,316 [Worker-41: Building workspace] INFO  o.e.m.c.i.embedder.EclipseLogger - skip non existing resourceDirectory C:\Revature Bootcamp\Revature Assessment\RevAssess\src\test\resources
2020-02-17 15:14:30,252 [Worker-37: Building workspace] INFO  o.e.m.c.i.embedder.EclipseLogger - Using 'UTF-8' encoding to copy filtered resources.
2020-02-17 15:14:30,253 [Worker-37: Building workspace] INFO  o.e.m.c.i.embedder.EclipseLogger - skip non existing resourceDirectory C:\Revature Bootcamp\Revature Assessment\RevAssess\src\main\resources
2020-02-17 15:14:30,255 [Worker-37: Building workspace] INFO  o.e.m.c.i.embedder.EclipseLogger - Using 'UTF-8' encoding to copy filtered resources.
2020-02-17 15:14:30,255 [Worker-37: Building workspace] INFO  o.e.m.c.i.embedder.EclipseLogger - skip non existing resourceDirectory C:\Revature Bootcamp\Revature Assessment\RevAssess\src\test\resources
2020-02-17 15:15:45,022 [Worker-37: Launching Main] INFO  o.e.m.c.i.embedder.EclipseLogger - Using 'UTF-8' encoding to copy filtered resources.
2020-02-17 15:15:45,022 [Worker-37: Launching Main] INFO  o.e.m.c.i.embedder.EclipseLogger - skip non existing resourceDirectory C:\Revature Bootcamp\Revature Assessment\RevAssess\src\main\resources
2020-02-17 15:15:45,023 [Worker-37: Launching Main] INFO  o.e.m.c.i.embedder.EclipseLogger - Using 'UTF-8' encoding to copy filtered resources.
2020-02-17 15:15:45,023 [Worker-37: Launching Main] INFO  o.e.m.c.i.embedder.EclipseLogger - skip non existing resourceDirectory C:\Revature Bootcamp\Revature Assessment\RevAssess\src\test\resources
2020-02-17 15:16:00,174 [Worker-44: Building workspace] INFO  o.e.m.c.i.embedder.EclipseLogger - Using 'UTF-8' encoding to copy filtered resources.
2020-02-17 15:16:00,175 [Worker-44: Building workspace] INFO  o.e.m.c.i.embedder.EclipseLogger - skip non existing resourceDirectory C:\Revature Bootcamp\Revature Assessment\RevAssess\src\main\resources
2020-02-17 15:16:00,177 [Worker-44: Building workspace] INFO  o.e.m.c.i.embedder.EclipseLogger - Using 'UTF-8' encoding to copy filtered resources.
2020-02-17 15:16:00,177 [Worker-44: Building workspace] INFO  o.e.m.c.i.embedder.EclipseLogger - skip non existing resourceDirectory C:\Revature Bootcamp\Revature Assessment\RevAssess\src\test\resources
2020-02-17 15:18:01,627 [Worker-37: Building workspace] INFO  o.e.m.c.i.embedder.EclipseLogger - Using 'UTF-8' encoding to copy filtered resources.
2020-02-17 15:18:01,628 [Worker-37: Building workspace] INFO  o.e.m.c.i.embedder.EclipseLogger - skip non existing resourceDirectory C:\Revature Bootcamp\Revature Assessment\RevAssess\src\main\resources
2020-02-17 15:18:01,629 [Worker-37: Building workspace] INFO  o.e.m.c.i.embedder.EclipseLogger - Using 'UTF-8' encoding to copy filtered resources.
2020-02-17 15:18:01,629 [Worker-37: Building workspace] INFO  o.e.m.c.i.embedder.EclipseLogger - skip non existing resourceDirectory C:\Revature Bootcamp\Revature Assessment\RevAssess\src\test\resources
2020-02-17 15:20:22,733 [Worker-44: Building workspace] INFO  o.e.m.c.i.embedder.EclipseLogger - Using 'UTF-8' encoding to copy filtered resources.
2020-02-17 15:20:22,733 [Worker-44: Building workspace] INFO  o.e.m.c.i.embedder.EclipseLogger - skip non existing resourceDirectory C:\Revature Bootcamp\Revature Assessment\RevAssess\src\main\resources
2020-02-17 15:20:22,735 [Worker-44: Building workspace] INFO  o.e.m.c.i.embedder.EclipseLogger - Using 'UTF-8' encoding to copy filtered resources.
2020-02-17 15:20:22,735 [Worker-44: Building workspace] INFO  o.e.m.c.i.embedder.EclipseLogger - skip non existing resourceDirectory C:\Revature Bootcamp\Revature Assessment\RevAssess\src\test\resources
2020-02-17 15:21:15,547 [Worker-42: Building workspace] INFO  o.e.m.c.i.embedder.EclipseLogger - Using 'UTF-8' encoding to copy filtered resources.
2020-02-17 15:21:15,547 [Worker-42: Building workspace] INFO  o.e.m.c.i.embedder.EclipseLogger - skip non existing resourceDirectory C:\Revature Bootcamp\Revature Assessment\RevAssess\src\main\resources
2020-02-17 15:21:15,549 [Worker-42: Building workspace] INFO  o.e.m.c.i.embedder.EclipseLogger - Using 'UTF-8' encoding to copy filtered resources.
2020-02-17 15:21:15,549 [Worker-42: Building workspace] INFO  o.e.m.c.i.embedder.EclipseLogger - skip non existing resourceDirectory C:\Revature Bootcamp\Revature Assessment\RevAssess\src\test\resources
2020-02-17 15:21:46,753 [Worker-43: Launching Main] INFO  o.e.m.c.i.embedder.EclipseLogger - Using 'UTF-8' encoding to copy filtered resources.
2020-02-17 15:21:46,754 [Worker-43: Launching Main] INFO  o.e.m.c.i.embedder.EclipseLogger - skip non existing resourceDirectory C:\Revature Bootcamp\Revature Assessment\RevAssess\src\main\resources
2020-02-17 15:21:46,755 [Worker-43: Launching Main] INFO  o.e.m.c.i.embedder.EclipseLogger - Using 'UTF-8' encoding to copy filtered resources.
2020-02-17 15:21:46,755 [Worker-43: Launching Main] INFO  o.e.m.c.i.embedder.EclipseLogger - skip non existing resourceDirectory C:\Revature Bootcamp\Revature Assessment\RevAssess\src\test\resources
2020-02-17 15:22:43,719 [Worker-35: Launching Main] INFO  o.e.m.c.i.embedder.EclipseLogger - Using 'UTF-8' encoding to copy filtered resources.
2020-02-17 15:22:43,720 [Worker-35: Launching Main] INFO  o.e.m.c.i.embedder.EclipseLogger - skip non existing resourceDirectory C:\Revature Bootcamp\Revature Assessment\RevAssess\src\main\resources
2020-02-17 15:22:43,721 [Worker-35: Launching Main] INFO  o.e.m.c.i.embedder.EclipseLogger - Using 'UTF-8' encoding to copy filtered resources.
2020-02-17 15:22:43,722 [Worker-35: Launching Main] INFO  o.e.m.c.i.embedder.EclipseLogger - skip non existing resourceDirectory C:\Revature Bootcamp\Revature Assessment\RevAssess\src\test\resources
2020-02-17 15:23:24,525 [Worker-44: Building workspace] INFO  o.e.m.c.i.embedder.EclipseLogger - Using 'UTF-8' encoding to copy filtered resources.
2020-02-17 15:23:24,525 [Worker-44: Building workspace] INFO  o.e.m.c.i.embedder.EclipseLogger - skip non existing resourceDirectory C:\Revature Bootcamp\Revature Assessment\RevAssess\src\main\resources
2020-02-17 15:23:24,527 [Worker-44: Building workspace] INFO  o.e.m.c.i.embedder.EclipseLogger - Using 'UTF-8' encoding to copy filtered resources.
2020-02-17 15:23:24,528 [Worker-44: Building workspace] INFO  o.e.m.c.i.embedder.EclipseLogger - skip non existing resourceDirectory C:\Revature Bootcamp\Revature Assessment\RevAssess\src\test\resources
